07/06/2023 11:49:26 - WARNING - __main__ - Process rank: -1, device: cuda:0, n_gpu: 1distributed training: False, 16-bits training: False
07/06/2023 11:49:26 - INFO - __main__ - Training/evaluation parameters DynamicTrainingArguments(
_n_gpu=1,
adafactor=False,
adam_beta1=0.9,
adam_beta2=0.999,
adam_epsilon=1e-08,
auto_find_batch_size=False,
bf16=False,
bf16_full_eval=False,
data_seed=None,
dataloader_drop_last=False,
dataloader_num_workers=0,
dataloader_pin_memory=True,
ddp_bucket_cap_mb=None,
ddp_find_unused_parameters=None,
ddp_timeout=1800,
debug=[],
deepspeed=None,
disable_tqdm=False,
do_eval=True,
do_predict=True,
do_train=True,
eval_accumulation_steps=None,
eval_delay=0,
eval_steps=1000,
evaluation_strategy=steps,
fp16=False,
fp16_backend=auto,
fp16_full_eval=False,
fp16_opt_level=O1,
fsdp=[],
fsdp_min_num_params=0,
fsdp_transformer_layer_cls_to_wrap=None,
full_determinism=False,
generation_max_length=20,
generation_num_beams=1,
gradient_accumulation_steps=2,
gradient_checkpointing=False,
greater_is_better=False,
group_by_length=False,
half_precision_backend=auto,
hub_model_id=None,
hub_private_repo=False,
hub_strategy=every_save,
hub_token=<HUB_TOKEN>,
ignore_data_skip=False,
include_inputs_for_metrics=False,
jit_mode_eval=False,
label_names=None,
label_smoothing_factor=0.0,
learning_rate=0.4,
length_column_name=length,
load_best_model_at_end=True,
local_rank=-1,
log_level=passive,
log_level_replica=passive,
log_on_each_node=True,
logging_dir=saved_pt_lora_2lr_squad_t5-base/hotpotqa_lr4e-1_loralr1e-4_pl60_r24_st250000/runs/Jul06_11-49-26_ift-severn,
logging_first_step=False,
logging_nan_inf_filter=True,
logging_steps=500,
logging_strategy=steps,
lora_embedding_lr=0.0001,
lr_scheduler_type=linear,
max_grad_norm=1.0,
max_steps=250000,
metric_for_best_model=loss,
mp_parameters=,
no_cuda=False,
num_train_epochs=3.0,
optim=adamw_hf,
optim_args=None,
output_dir=saved_pt_lora_2lr_squad_t5-base/hotpotqa_lr4e-1_loralr1e-4_pl60_r24_st250000,
overwrite_output_dir=False,
past_index=-1,
per_device_eval_batch_size=16,
per_device_train_batch_size=16,
predict_with_generate=True,
prediction_loss_only=False,
push_to_hub=False,
push_to_hub_model_id=None,
push_to_hub_organization=None,
push_to_hub_token=<PUSH_TO_HUB_TOKEN>,
ray_scope=last,
remove_unused_columns=True,
report_to=['tensorboard'],
resume_from_checkpoint=None,
run_name=saved_pt_lora_2lr_squad_t5-base/hotpotqa_lr4e-1_loralr1e-4_pl60_r24_st250000,
save_on_each_node=False,
save_steps=1000,
save_strategy=steps,
save_total_limit=1,
seed=42,
sharded_ddp=[],
skip_memory_metrics=True,
sortish_sampler=False,
tf32=None,
torch_compile=False,
torch_compile_backend=None,
torch_compile_mode=None,
torchdynamo=None,
tpu_metrics_debug=False,
tpu_num_cores=None,
use_ipex=False,
use_legacy_prediction_loop=False,
use_mps_device=False,
warmup_ratio=0.0,
warmup_steps=500,
weight_decay=1e-05,
xpu_backend=None,
)
07/06/2023 11:49:26 - INFO - __main__ - 

Model parameters ModelArguments(model_name_or_path='t5-base', peft_model_id=None, config_name=None, tokenizer_name=None, cache_dir=None, use_fast_tokenizer=True, model_revision='main', use_auth_token=False, prefix_length=60, text_init=True, prompt_tuning_init_text='Classify this text is postive or not:', num_transformer_submodules=1, hidden_size=768, r=24, peft_type='PROMPT_TUNING_LORA')
07/06/2023 11:49:26 - INFO - __main__ - 

Data parameters DataTrainingArguments(task_name='hotpotqa', dataset_config_name='en', preprocessing_num_workers=None, max_seq_length=512, lang_name=None, add_prefix=False, overwrite_cache=False, truncate_head=False, pad_to_max_length=True, max_train_samples=None, max_eval_samples=None, max_predict_samples=None, ignore_pad_token_for_loss=True, train_file=None, validation_file=None, test_file=None, split_validation_test=True, k_shot_example=None)
07/06/2023 11:49:27 - INFO - __main__ - PeftModelForSeq2SeqLM(
  (base_model): T5ForConditionalGeneration(
    (shared): Embedding(32128, 768)
    (encoder): T5Stack(
      (embed_tokens): Embedding(32128, 768)
      (block): ModuleList(
        (0): T5Block(
          (layer): ModuleList(
            (0): T5LayerSelfAttention(
              (SelfAttention): T5Attention(
                (q): Linear(in_features=768, out_features=768, bias=False)
                (k): Linear(in_features=768, out_features=768, bias=False)
                (v): Linear(in_features=768, out_features=768, bias=False)
                (o): Linear(in_features=768, out_features=768, bias=False)
                (relative_attention_bias): Embedding(32, 12)
              )
              (layer_norm): T5LayerNorm()
              (dropout): Dropout(p=0.1, inplace=False)
            )
            (1): T5LayerFF(
              (DenseReluDense): T5DenseActDense(
                (wi): Linear(in_features=768, out_features=3072, bias=False)
                (wo): Linear(in_features=3072, out_features=768, bias=False)
                (dropout): Dropout(p=0.1, inplace=False)
                (act): ReLU()
              )
              (layer_norm): T5LayerNorm()
              (dropout): Dropout(p=0.1, inplace=False)
            )
          )
        )
        (1-11): 11 x T5Block(
          (layer): ModuleList(
            (0): T5LayerSelfAttention(
              (SelfAttention): T5Attention(
                (q): Linear(in_features=768, out_features=768, bias=False)
                (k): Linear(in_features=768, out_features=768, bias=False)
                (v): Linear(in_features=768, out_features=768, bias=False)
                (o): Linear(in_features=768, out_features=768, bias=False)
              )
              (layer_norm): T5LayerNorm()
              (dropout): Dropout(p=0.1, inplace=False)
            )
            (1): T5LayerFF(
              (DenseReluDense): T5DenseActDense(
                (wi): Linear(in_features=768, out_features=3072, bias=False)
                (wo): Linear(in_features=3072, out_features=768, bias=False)
                (dropout): Dropout(p=0.1, inplace=False)
                (act): ReLU()
              )
              (layer_norm): T5LayerNorm()
              (dropout): Dropout(p=0.1, inplace=False)
            )
          )
        )
      )
      (final_layer_norm): T5LayerNorm()
      (dropout): Dropout(p=0.1, inplace=False)
    )
    (decoder): T5Stack(
      (embed_tokens): Embedding(32128, 768)
      (block): ModuleList(
        (0): T5Block(
          (layer): ModuleList(
            (0): T5LayerSelfAttention(
              (SelfAttention): T5Attention(
                (q): Linear(in_features=768, out_features=768, bias=False)
                (k): Linear(in_features=768, out_features=768, bias=False)
                (v): Linear(in_features=768, out_features=768, bias=False)
                (o): Linear(in_features=768, out_features=768, bias=False)
                (relative_attention_bias): Embedding(32, 12)
              )
              (layer_norm): T5LayerNorm()
              (dropout): Dropout(p=0.1, inplace=False)
            )
            (1): T5LayerCrossAttention(
              (EncDecAttention): T5Attention(
                (q): Linear(in_features=768, out_features=768, bias=False)
                (k): Linear(in_features=768, out_features=768, bias=False)
                (v): Linear(in_features=768, out_features=768, bias=False)
                (o): Linear(in_features=768, out_features=768, bias=False)
              )
              (layer_norm): T5LayerNorm()
              (dropout): Dropout(p=0.1, inplace=False)
            )
            (2): T5LayerFF(
              (DenseReluDense): T5DenseActDense(
                (wi): Linear(in_features=768, out_features=3072, bias=False)
                (wo): Linear(in_features=3072, out_features=768, bias=False)
                (dropout): Dropout(p=0.1, inplace=False)
                (act): ReLU()
              )
              (layer_norm): T5LayerNorm()
              (dropout): Dropout(p=0.1, inplace=False)
            )
          )
        )
        (1-11): 11 x T5Block(
          (layer): ModuleList(
            (0): T5LayerSelfAttention(
              (SelfAttention): T5Attention(
                (q): Linear(in_features=768, out_features=768, bias=False)
                (k): Linear(in_features=768, out_features=768, bias=False)
                (v): Linear(in_features=768, out_features=768, bias=False)
                (o): Linear(in_features=768, out_features=768, bias=False)
              )
              (layer_norm): T5LayerNorm()
              (dropout): Dropout(p=0.1, inplace=False)
            )
            (1): T5LayerCrossAttention(
              (EncDecAttention): T5Attention(
                (q): Linear(in_features=768, out_features=768, bias=False)
                (k): Linear(in_features=768, out_features=768, bias=False)
                (v): Linear(in_features=768, out_features=768, bias=False)
                (o): Linear(in_features=768, out_features=768, bias=False)
              )
              (layer_norm): T5LayerNorm()
              (dropout): Dropout(p=0.1, inplace=False)
            )
            (2): T5LayerFF(
              (DenseReluDense): T5DenseActDense(
                (wi): Linear(in_features=768, out_features=3072, bias=False)
                (wo): Linear(in_features=3072, out_features=768, bias=False)
                (dropout): Dropout(p=0.1, inplace=False)
                (act): ReLU()
              )
              (layer_norm): T5LayerNorm()
              (dropout): Dropout(p=0.1, inplace=False)
            )
          )
        )
      )
      (final_layer_norm): T5LayerNorm()
      (dropout): Dropout(p=0.1, inplace=False)
    )
    (lm_head): Linear(in_features=768, out_features=32128, bias=False)
  )
  (prompt_encoder): ModuleDict(
    (default): PromptEmbeddingLoRA(
      (embedding): Embedding(60, 768)
    )
  )
  (word_embeddings): Embedding(32128, 768)
)
07/06/2023 11:49:29 - WARNING - datasets.builder - Using custom data configuration lucadiliello--hotpotqa-4f12076ce8d8e5ad
07/06/2023 11:49:29 - WARNING - datasets.builder - Found cached dataset parquet (/home/zshi/.cache/huggingface/datasets/lucadiliello___parquet/lucadiliello--hotpotqa-4f12076ce8d8e5ad/0.0.0/2a3b91fbd88a2c90d1dbbb32b460cf621d31bd5b05b934492fdef7d8d6f236ec)
07/06/2023 11:49:29 - WARNING - datasets.arrow_dataset - Loading cached processed dataset at /home/zshi/.cache/huggingface/datasets/lucadiliello___parquet/lucadiliello--hotpotqa-4f12076ce8d8e5ad/0.0.0/2a3b91fbd88a2c90d1dbbb32b460cf621d31bd5b05b934492fdef7d8d6f236ec/cache-78ca4e4c5775f542.arrow
07/06/2023 11:49:43 - WARNING - datasets.builder - Using custom data configuration lucadiliello--hotpotqa-4f12076ce8d8e5ad
07/06/2023 11:49:43 - WARNING - datasets.builder - Found cached dataset parquet (/home/zshi/.cache/huggingface/datasets/lucadiliello___parquet/lucadiliello--hotpotqa-4f12076ce8d8e5ad/0.0.0/2a3b91fbd88a2c90d1dbbb32b460cf621d31bd5b05b934492fdef7d8d6f236ec)
07/06/2023 11:49:43 - WARNING - datasets.arrow_dataset - Loading cached processed dataset at /home/zshi/.cache/huggingface/datasets/lucadiliello___parquet/lucadiliello--hotpotqa-4f12076ce8d8e5ad/0.0.0/2a3b91fbd88a2c90d1dbbb32b460cf621d31bd5b05b934492fdef7d8d6f236ec/cache-b80cfac6ebd66540.arrow
07/06/2023 11:49:44 - WARNING - datasets.builder - Using custom data configuration lucadiliello--hotpotqa-4f12076ce8d8e5ad
07/06/2023 11:49:44 - WARNING - datasets.builder - Found cached dataset parquet (/home/zshi/.cache/huggingface/datasets/lucadiliello___parquet/lucadiliello--hotpotqa-4f12076ce8d8e5ad/0.0.0/2a3b91fbd88a2c90d1dbbb32b460cf621d31bd5b05b934492fdef7d8d6f236ec)
07/06/2023 11:49:44 - WARNING - datasets.arrow_dataset - Loading cached processed dataset at /home/zshi/.cache/huggingface/datasets/lucadiliello___parquet/lucadiliello--hotpotqa-4f12076ce8d8e5ad/0.0.0/2a3b91fbd88a2c90d1dbbb32b460cf621d31bd5b05b934492fdef7d8d6f236ec/cache-6ec9e2ceb8488b51.arrow
07/06/2023 11:49:45 - INFO - __main__ - 

lora_embedding: 2

07/06/2023 11:49:45 - INFO - __main__ - 
non_lora_embedding: 258


07/08/2023 23:15:52 - INFO - __main__ - *** Evaluate ***
07/08/2023 23:16:21 - INFO - __main__ - *** Predict ***
